✅ Daily commit: Thu Apr 10 17:05:02 UTC 2025
✅ Daily commit: Fri Apr 11 04:10:19 UTC 2025
✅ Daily commit: Sat Apr 12 04:09:38 UTC 2025
✅ Daily commit: Sun Apr 13 04:41:55 UTC 2025
✅ Daily commit: Mon Apr 14 04:10:53 UTC 2025
✅ Daily commit: Tue Apr 15 04:10:24 UTC 2025
✅ Daily commit: Wed Apr 16 04:10:16 UTC 2025
✅ Daily commit: Thu Apr 17 04:10:35 UTC 2025
✅ Daily commit: Fri Apr 18 04:10:12 UTC 2025
✅ Daily commit: Sat Apr 19 04:09:29 UTC 2025
✅ Daily commit: Sun Apr 20 04:09:36 UTC 2025
✅ Daily commit: Mon Apr 21 04:11:17 UTC 2025
✅ Daily commit: Tue Apr 22 04:10:32 UTC 2025
✅ Daily commit: Wed Apr 23 04:10:49 UTC 2025
✅ Daily commit: Thu Apr 24 04:10:34 UTC 2025
✅ Daily commit: Fri Apr 25 04:10:33 UTC 2025
✅ Daily commit: Sat Apr 26 04:09:24 UTC 2025
✅ Daily commit: Sun Apr 27 04:09:54 UTC 2025
✅ Daily commit: Mon Apr 28 04:11:35 UTC 2025
✅ Daily commit: Tue Apr 29 04:10:14 UTC 2025
✅ Daily commit: Wed Apr 30 04:10:23 UTC 2025
✅ Daily commit: Thu May  1 04:14:26 UTC 2025
✅ Daily commit: Fri May  2 04:10:27 UTC 2025
✅ Daily commit: Sat May  3 04:09:35 UTC 2025
✅ Daily commit: Sun May  4 04:12:25 UTC 2025
✅ Daily commit: Mon May  5 04:12:38 UTC 2025
✅ Daily commit: Tue May  6 04:11:17 UTC 2025
✅ Daily commit: Wed May  7 04:11:09 UTC 2025
✅ Daily commit: Thu May  8 04:12:37 UTC 2025
✅ Daily commit: Fri May  9 04:11:58 UTC 2025
✅ Daily commit: Sat May 10 04:09:25 UTC 2025
✅ Daily commit: Sun May 11 04:11:39 UTC 2025
✅ Daily commit: Mon May 12 04:13:12 UTC 2025
✅ Daily commit: Tue May 13 04:12:20 UTC 2025
✅ Daily commit: Wed May 14 04:12:12 UTC 2025
✅ Daily commit: Thu May 15 04:12:03 UTC 2025
✅ Daily commit: Fri May 16 04:12:55 UTC 2025
✅ Daily commit: Sat May 17 04:10:29 UTC 2025
✅ Daily commit: Sun May 18 04:14:35 UTC 2025
✅ Daily commit: Mon May 19 04:17:17 UTC 2025
✅ Daily commit: Tue May 20 04:12:17 UTC 2025
✅ Daily commit: Wed May 21 04:12:37 UTC 2025
✅ Daily commit: Thu May 22 04:13:22 UTC 2025
✅ Daily commit: Fri May 23 04:11:51 UTC 2025
✅ Daily commit: Sat May 24 04:09:58 UTC 2025
✅ Daily commit: Sun May 25 04:15:49 UTC 2025
✅ Daily commit: Mon May 26 04:15:10 UTC 2025
✅ Daily commit: Tue May 27 04:14:48 UTC 2025
✅ Daily commit: Wed May 28 04:13:25 UTC 2025
✅ Daily commit: Thu May 29 04:13:59 UTC 2025
✅ Daily commit: Fri May 30 04:13:05 UTC 2025
✅ Daily commit: Sat May 31 04:12:02 UTC 2025
✅ Daily commit: Sun Jun  1 04:25:30 UTC 2025
✅ Daily commit: Mon Jun  2 04:20:00 UTC 2025
✅ Daily commit: Tue Jun  3 04:15:38 UTC 2025
✅ Daily commit: Wed Jun  4 04:15:51 UTC 2025
✅ Daily commit: Thu Jun  5 04:16:57 UTC 2025
✅ Daily commit: Fri Jun  6 04:15:20 UTC 2025
✅ Daily commit: Sat Jun  7 04:11:44 UTC 2025
✅ Daily commit: Sun Jun  8 04:20:17 UTC 2025
✅ Daily commit: Mon Jun  9 04:20:56 UTC 2025
✅ Daily commit: Tue Jun 10 04:17:46 UTC 2025
✅ Daily commit: Tue Jun 10 08:31:02 UTC 2025
✅ Daily commit: Tue Jun 10 08:31:15 UTC 2025
✅ Daily commit: Tue Jun 10 08:31:22 UTC 2025
✅ Daily commit: Tue Jun 10 08:33:16 UTC 2025
✅ Daily commit: Tue Jun 10 08:34:15 UTC 2025
✅ Daily commit: Wed Jun 11 04:18:23 UTC 2025
✅ Daily commit: Thu Jun 12 04:16:25 UTC 2025
